<?xml version="1.0" encoding="UTF-8"?>
<!-- Generated by org.testng.reporters.JUnitReportReporter -->
<testsuite skipped="0" hostname="DESKTOP-U90V4DU" name="src_eBayProject.libs.eBayFunctions" tests="1" failures="0" timestamp="17 Apr 2018 07:14:13 GMT" time="24.619" errors="0">
  <testcase name="searchProductFunctions" time="24.619" classname="src_eBayProject.libs.eBayFunctions"/>
</testsuite> <!-- src_eBayProject.libs.eBayFunctions -->
