<?xml version="1.0" encoding="UTF-8"?>
<!-- Generated by org.testng.reporters.JUnitReportReporter -->
<testsuite skipped="0" hostname="DESKTOP-U90V4DU" name="src_AppiumTest.libs.eBayFunctions" tests="1" failures="0" timestamp="16 Apr 2018 14:20:19 GMT" time="10.300" errors="0">
  <testcase name="testCal" time="10.300" classname="src_AppiumTest.libs.eBayFunctions"/>
</testsuite> <!-- src_AppiumTest.libs.eBayFunctions -->
