<?xml version="1.0" encoding="UTF-8"?>
<!-- Generated by org.testng.reporters.JUnitReportReporter -->
<testsuite skipped="0" hostname="DESKTOP-U90V4DU" name="src_AppiumTest.Calculator" tests="1" failures="0" timestamp="16 Apr 2018 12:49:00 GMT" time="21.963" errors="0">
  <testcase name="testCal" time="21.963" classname="src_AppiumTest.Calculator"/>
</testsuite> <!-- src_AppiumTest.Calculator -->
